  [1m[35m (128.2ms)[0m  [1m[35mCREATE DATABASE "tamagotchi_development" ENCODING = 'unicode'[0m
  [1m[35m (41.4ms)[0m  [1m[35mCREATE DATABASE "tamagotchi_test" ENCODING = 'unicode'[0m
Started GET "/hello" for 127.0.0.1 at 2022-11-10 15:56:56 -0500
Processing by ApplicationController#hello_world as HTML
[active_model_serializers] Rendered ActiveModel::Serializer::Null with Hash (0.07ms)
Completed 200 OK in 13ms (Views: 4.0ms | ActiveRecord: 0.0ms | Allocations: 14220)


Started GET "/hello" for 127.0.0.1 at 2022-11-10 15:57:13 -0500
Processing by ApplicationController#hello_world as HTML
[active_model_serializers] Rendered ActiveModel::Serializer::Null with Hash (0.07ms)
Completed 200 OK in 1ms (Views: 0.5ms | ActiveRecord: 0.0ms | Allocations: 237)


Started GET "/hello" for 127.0.0.1 at 2022-11-10 15:57:13 -0500
Processing by ApplicationController#hello_world as HTML
[active_model_serializers] Rendered ActiveModel::Serializer::Null with Hash (0.07ms)
Completed 200 OK in 1ms (Views: 0.6ms | ActiveRecord: 0.0ms | Allocations: 237)


Started GET "/hello" for 127.0.0.1 at 2022-11-10 15:57:14 -0500
Processing by ApplicationController#hello_world as HTML
[active_model_serializers] Rendered ActiveModel::Serializer::Null with Hash (0.16ms)
Completed 200 OK in 1ms (Views: 0.8ms | ActiveRecord: 0.0ms | Allocations: 237)


Started GET "/hello" for 127.0.0.1 at 2022-11-10 15:57:15 -0500
Processing by ApplicationController#hello_world as HTML
[active_model_serializers] Rendered ActiveModel::Serializer::Null with Hash (0.08ms)
Completed 200 OK in 1ms (Views: 0.7ms | ActiveRecord: 0.0ms | Allocations: 237)


Started GET "/hello" for 127.0.0.1 at 2022-11-10 15:57:15 -0500
Processing by ApplicationController#hello_world as HTML
[active_model_serializers] Rendered ActiveModel::Serializer::Null with Hash (0.11ms)
Completed 200 OK in 1ms (Views: 0.7ms | ActiveRecord: 0.0ms | Allocations: 233)


Started GET "/hello" for 127.0.0.1 at 2022-11-10 15:58:35 -0500
Processing by ApplicationController#hello_world as HTML
[active_model_serializers] Rendered ActiveModel::Serializer::Null with Hash (0.05ms)
Completed 200 OK in 6ms (Views: 1.0ms | ActiveRecord: 0.0ms | Allocations: 13336)


Started GET "/hello" for 127.0.0.1 at 2022-11-10 15:58:36 -0500
Processing by ApplicationController#hello_world as HTML
[active_model_serializers] Rendered ActiveModel::Serializer::Null with Hash (0.07ms)
Completed 200 OK in 1ms (Views: 0.5ms | ActiveRecord: 0.0ms | Allocations: 237)


Started GET "/hello" for 127.0.0.1 at 2022-11-10 15:58:37 -0500
Processing by ApplicationController#hello_world as HTML
[active_model_serializers] Rendered ActiveModel::Serializer::Null with Hash (0.08ms)
Completed 200 OK in 1ms (Views: 0.7ms | ActiveRecord: 0.0ms | Allocations: 237)


Started GET "/hello" for 127.0.0.1 at 2022-11-10 15:58:38 -0500
Processing by ApplicationController#hello_world as HTML
[active_model_serializers] Rendered ActiveModel::Serializer::Null with Hash (0.12ms)
Completed 200 OK in 1ms (Views: 0.6ms | ActiveRecord: 0.0ms | Allocations: 237)


Started GET "/hello" for 127.0.0.1 at 2022-11-10 16:00:43 -0500
Processing by ApplicationController#hello_world as HTML
[active_model_serializers] Rendered ActiveModel::Serializer::Null with Hash (1.95ms)
Completed 200 OK in 6ms (Views: 4.1ms | ActiveRecord: 0.0ms | Allocations: 237)


Started GET "/hello" for 127.0.0.1 at 2022-11-10 16:00:43 -0500
Processing by ApplicationController#hello_world as HTML
[active_model_serializers] Rendered ActiveModel::Serializer::Null with Hash (0.08ms)
Completed 200 OK in 1ms (Views: 0.5ms | ActiveRecord: 0.0ms | Allocations: 233)


Started GET "/hello" for 127.0.0.1 at 2022-11-10 16:00:44 -0500
Processing by ApplicationController#hello_world as HTML
[active_model_serializers] Rendered ActiveModel::Serializer::Null with Hash (0.06ms)
Completed 200 OK in 1ms (Views: 0.3ms | ActiveRecord: 0.0ms | Allocations: 233)


Started GET "/hello" for 127.0.0.1 at 2022-11-10 16:00:44 -0500
Processing by ApplicationController#hello_world as HTML
[active_model_serializers] Rendered ActiveModel::Serializer::Null with Hash (0.09ms)
Completed 200 OK in 1ms (Views: 0.5ms | ActiveRecord: 0.0ms | Allocations: 233)


Started GET "/hello" for 127.0.0.1 at 2022-11-10 16:00:45 -0500
Processing by ApplicationController#hello_world as HTML
[active_model_serializers] Rendered ActiveModel::Serializer::Null with Hash (0.07ms)
Completed 200 OK in 1ms (Views: 0.6ms | ActiveRecord: 0.0ms | Allocations: 233)


Started GET "/hello" for 127.0.0.1 at 2022-11-10 16:00:45 -0500
Processing by ApplicationController#hello_world as HTML
[active_model_serializers] Rendered ActiveModel::Serializer::Null with Hash (0.07ms)
Completed 200 OK in 1ms (Views: 0.5ms | ActiveRecord: 0.0ms | Allocations: 233)


Started GET "/hello" for 127.0.0.1 at 2022-11-10 16:00:45 -0500
Processing by ApplicationController#hello_world as HTML
[active_model_serializers] Rendered ActiveModel::Serializer::Null with Hash (0.1ms)
Completed 200 OK in 1ms (Views: 0.6ms | ActiveRecord: 0.0ms | Allocations: 233)


Started GET "/hello" for 127.0.0.1 at 2022-11-10 16:00:46 -0500
Processing by ApplicationController#hello_world as HTML
[active_model_serializers] Rendered ActiveModel::Serializer::Null with Hash (0.07ms)
Completed 200 OK in 1ms (Views: 0.5ms | ActiveRecord: 0.0ms | Allocations: 233)


Started GET "/hello" for 127.0.0.1 at 2022-11-10 16:00:46 -0500
Processing by ApplicationController#hello_world as HTML
[active_model_serializers] Rendered ActiveModel::Serializer::Null with Hash (0.08ms)
Completed 200 OK in 1ms (Views: 0.5ms | ActiveRecord: 0.0ms | Allocations: 233)


Started GET "/hello" for 127.0.0.1 at 2022-11-10 16:00:47 -0500
Processing by ApplicationController#hello_world as HTML
[active_model_serializers] Rendered ActiveModel::Serializer::Null with Hash (0.08ms)
Completed 200 OK in 2ms (Views: 1.0ms | ActiveRecord: 0.0ms | Allocations: 233)


Started GET "/hello" for 127.0.0.1 at 2022-11-10 16:00:47 -0500
Processing by ApplicationController#hello_world as HTML
[active_model_serializers] Rendered ActiveModel::Serializer::Null with Hash (0.09ms)
Completed 200 OK in 1ms (Views: 0.7ms | ActiveRecord: 0.0ms | Allocations: 233)


Started GET "/hello" for 127.0.0.1 at 2022-11-10 16:03:16 -0500
Processing by ApplicationController#hello_world as HTML
[active_model_serializers] Rendered ActiveModel::Serializer::Null with Hash (0.22ms)
Completed 200 OK in 3ms (Views: 1.3ms | ActiveRecord: 0.0ms | Allocations: 233)


Started GET "/hello" for 127.0.0.1 at 2022-11-10 16:03:18 -0500
Processing by ApplicationController#hello_world as HTML
[active_model_serializers] Rendered ActiveModel::Serializer::Null with Hash (0.09ms)
Completed 200 OK in 2ms (Views: 0.6ms | ActiveRecord: 0.0ms | Allocations: 317)


Started GET "/hello" for 127.0.0.1 at 2022-11-10 16:03:19 -0500
Processing by ApplicationController#hello_world as HTML
[active_model_serializers] Rendered ActiveModel::Serializer::Null with Hash (0.11ms)
Completed 200 OK in 2ms (Views: 0.9ms | ActiveRecord: 0.0ms | Allocations: 304)


Started GET "/hello" for 127.0.0.1 at 2022-11-10 16:03:20 -0500
Processing by ApplicationController#hello_world as HTML
[active_model_serializers] Rendered ActiveModel::Serializer::Null with Hash (0.08ms)
Completed 200 OK in 1ms (Views: 0.6ms | ActiveRecord: 0.0ms | Allocations: 312)


Started GET "/hello" for 127.0.0.1 at 2022-11-10 16:03:21 -0500
Processing by ApplicationController#hello_world as HTML
[active_model_serializers] Rendered ActiveModel::Serializer::Null with Hash (0.08ms)
Completed 200 OK in 2ms (Views: 0.9ms | ActiveRecord: 0.0ms | Allocations: 310)


Started GET "/hello" for 127.0.0.1 at 2022-11-10 16:03:32 -0500
Processing by ApplicationController#hello_world as HTML
[active_model_serializers] Rendered ActiveModel::Serializer::Null with Hash (0.19ms)
Completed 200 OK in 3ms (Views: 1.2ms | ActiveRecord: 0.0ms | Allocations: 312)


Started GET "/hello" for 127.0.0.1 at 2022-11-10 16:03:33 -0500
Processing by ApplicationController#hello_world as HTML
[active_model_serializers] Rendered ActiveModel::Serializer::Null with Hash (0.07ms)
Completed 200 OK in 1ms (Views: 0.5ms | ActiveRecord: 0.0ms | Allocations: 308)


Started GET "/hello" for 127.0.0.1 at 2022-11-10 16:03:33 -0500
Processing by ApplicationController#hello_world as HTML
[active_model_serializers] Rendered ActiveModel::Serializer::Null with Hash (0.08ms)
Completed 200 OK in 1ms (Views: 0.6ms | ActiveRecord: 0.0ms | Allocations: 318)


Started GET "/hello" for 127.0.0.1 at 2022-11-10 16:03:34 -0500
Processing by ApplicationController#hello_world as HTML
[active_model_serializers] Rendered ActiveModel::Serializer::Null with Hash (0.08ms)
Completed 200 OK in 1ms (Views: 0.6ms | ActiveRecord: 0.0ms | Allocations: 308)


Started GET "/hello" for 127.0.0.1 at 2022-11-10 16:14:13 -0500
Processing by ApplicationController#hello_world as */*
[active_model_serializers] Rendered ActiveModel::Serializer::Null with Hash (0.35ms)
Completed 200 OK in 12ms (Views: 1.8ms | ActiveRecord: 0.0ms | Allocations: 13346)


Started GET "/hello" for 127.0.0.1 at 2022-11-10 16:14:13 -0500
Processing by ApplicationController#hello_world as */*
[active_model_serializers] Rendered ActiveModel::Serializer::Null with Hash (0.03ms)
Completed 200 OK in 0ms (Views: 0.2ms | ActiveRecord: 0.0ms | Allocations: 247)


Started GET "/hello" for 127.0.0.1 at 2022-11-10 16:14:14 -0500
Processing by ApplicationController#hello_world as */*
[active_model_serializers] Rendered ActiveModel::Serializer::Null with Hash (0.28ms)
Completed 200 OK in 2ms (Views: 0.8ms | ActiveRecord: 0.0ms | Allocations: 329)


Started GET "/hello" for 127.0.0.1 at 2022-11-10 16:14:14 -0500
Processing by ApplicationController#hello_world as */*
[active_model_serializers] Rendered ActiveModel::Serializer::Null with Hash (0.03ms)
Completed 200 OK in 0ms (Views: 0.2ms | ActiveRecord: 0.0ms | Allocations: 326)


Started GET "/hello" for 127.0.0.1 at 2022-11-10 16:14:15 -0500
Processing by ApplicationController#hello_world as */*
[active_model_serializers] Rendered ActiveModel::Serializer::Null with Hash (0.06ms)
Completed 200 OK in 1ms (Views: 0.6ms | ActiveRecord: 0.0ms | Allocations: 326)


Started GET "/hello" for 127.0.0.1 at 2022-11-10 16:14:15 -0500
Processing by ApplicationController#hello_world as */*
[active_model_serializers] Rendered ActiveModel::Serializer::Null with Hash (0.04ms)
Completed 200 OK in 0ms (Views: 0.2ms | ActiveRecord: 0.0ms | Allocations: 330)


Started GET "/hello" for 127.0.0.1 at 2022-11-10 16:14:15 -0500
Processing by ApplicationController#hello_world as */*
[active_model_serializers] Rendered ActiveModel::Serializer::Null with Hash (0.09ms)
Completed 200 OK in 2ms (Views: 0.6ms | ActiveRecord: 0.0ms | Allocations: 324)


Started GET "/hello" for 127.0.0.1 at 2022-11-10 16:14:15 -0500
Processing by ApplicationController#hello_world as */*
[active_model_serializers] Rendered ActiveModel::Serializer::Null with Hash (0.03ms)
Completed 200 OK in 0ms (Views: 0.2ms | ActiveRecord: 0.0ms | Allocations: 324)


Started GET "/hello" for 127.0.0.1 at 2022-11-10 16:14:16 -0500
Processing by ApplicationController#hello_world as */*
[active_model_serializers] Rendered ActiveModel::Serializer::Null with Hash (0.05ms)
Completed 200 OK in 1ms (Views: 0.3ms | ActiveRecord: 0.0ms | Allocations: 322)


Started GET "/hello" for 127.0.0.1 at 2022-11-10 16:14:16 -0500
Processing by ApplicationController#hello_world as */*
[active_model_serializers] Rendered ActiveModel::Serializer::Null with Hash (0.06ms)
Completed 200 OK in 1ms (Views: 0.2ms | ActiveRecord: 0.0ms | Allocations: 322)


  [1m[35m (24.7ms)[0m  [1m[35mCREATE TABLE "schema_migrations" ("version" character varying NOT NULL PRIMARY KEY)[0m
  [1m[35m (6.9ms)[0m  [1m[35mCREATE TABLE "ar_internal_metadata" ("key" character varying NOT NULL PRIMARY KEY, "value" character varying, "created_at" timestamp(6) NOT NULL, "updated_at" timestamp(6) NOT NULL)[0m
  [1m[35m (0.5ms)[0m  [1m[34mSELECT pg_try_advisory_lock(8773898969310707715)[0m
  [1m[36mActiveRecord::SchemaMigration Pluck (0.7ms)[0m  [1m[34mSELECT "schema_migrations"."version" FROM "schema_migrations" ORDER BY "schema_migrations"."version" ASC[0m
  [1m[36mActiveRecord::InternalMetadata Load (0.3ms)[0m  [1m[34mSELECT "ar_internal_metadata".* FROM "ar_internal_metadata" WHERE "ar_internal_metadata"."key" = $1 LIMIT $2[0m  [["key", "environment"], ["LIMIT", 1]]
  [1m[36mTRANSACTION (0.1ms)[0m  [1m[35mBEGIN[0m
  [1m[36mActiveRecord::InternalMetadata Create (0.9ms)[0m  [1m[32mINSERT INTO "ar_internal_metadata" ("key", "value", "created_at", "updated_at") VALUES ($1, $2, $3, $4) RETURNING "key"[0m  [["key", "environment"], ["value", "development"], ["created_at", "2022-11-11 16:16:53.499042"], ["updated_at", "2022-11-11 16:16:53.499042"]]
  [1m[36mTRANSACTION (0.2ms)[0m  [1m[35mCOMMIT[0m
  [1m[35m (0.1ms)[0m  [1m[34mSELECT pg_advisory_unlock(8773898969310707715)[0m
  [1m[36mActiveRecord::SchemaMigration Pluck (0.6ms)[0m  [1m[34mSELECT "schema_migrations"."version" FROM "schema_migrations" ORDER BY "schema_migrations"."version" ASC[0m
  [1m[36mActiveRecord::SchemaMigration Pluck (0.4ms)[0m  [1m[34mSELECT "schema_migrations"."version" FROM "schema_migrations" ORDER BY "schema_migrations"."version" ASC[0m
Started GET "/hello" for 127.0.0.1 at 2022-11-11 11:38:15 -0500
Started GET "/hello" for 127.0.0.1 at 2022-11-11 11:38:15 -0500
  [1m[36mActiveRecord::SchemaMigration Pluck (0.7ms)[0m  [1m[34mSELECT "schema_migrations"."version" FROM "schema_migrations" ORDER BY "schema_migrations"."version" ASC[0m
  [1m[36mActiveRecord::SchemaMigration Pluck (0.7ms)[0m  [1m[34mSELECT "schema_migrations"."version" FROM "schema_migrations" ORDER BY "schema_migrations"."version" ASC[0m
Processing by ApplicationController#hello_world as */*
Processing by ApplicationController#hello_world as */*
[active_model_serializers] Rendered ActiveModel::Serializer::Null with Hash (0.07ms)
[active_model_serializers] Rendered ActiveModel::Serializer::Null with Hash (0.08ms)
Completed 200 OK in 9ms (Views: 1.4ms | ActiveRecord: 0.0ms | Allocations: 13333)


Completed 200 OK in 9ms (Views: 1.4ms | ActiveRecord: 0.0ms | Allocations: 13333)


Started GET "/hello" for 127.0.0.1 at 2022-11-11 11:39:15 -0500
Processing by ApplicationController#hello_world as */*
[active_model_serializers] Rendered ActiveModel::Serializer::Null with Hash (0.11ms)
Completed 200 OK in 4ms (Views: 1.1ms | ActiveRecord: 0.0ms | Allocations: 325)


Started GET "/hello" for 127.0.0.1 at 2022-11-11 11:39:15 -0500
  [1m[36mActiveRecord::SchemaMigration Pluck (0.6ms)[0m  [1m[34mSELECT "schema_migrations"."version" FROM "schema_migrations" ORDER BY "schema_migrations"."version" ASC[0m
Processing by ApplicationController#hello_world as */*
[active_model_serializers] Rendered ActiveModel::Serializer::Null with Hash (0.05ms)
Completed 200 OK in 10ms (Views: 1.2ms | ActiveRecord: 0.0ms | Allocations: 13422)


Started GET "/hello" for 127.0.0.1 at 2022-11-11 11:39:23 -0500
Processing by ApplicationController#hello_world as */*
[active_model_serializers] Rendered ActiveModel::Serializer::Null with Hash (0.09ms)
Completed 200 OK in 1ms (Views: 0.5ms | ActiveRecord: 0.0ms | Allocations: 316)


Started GET "/hello" for 127.0.0.1 at 2022-11-11 11:39:23 -0500
  [1m[36mActiveRecord::SchemaMigration Pluck (0.4ms)[0m  [1m[34mSELECT "schema_migrations"."version" FROM "schema_migrations" ORDER BY "schema_migrations"."version" ASC[0m
Processing by ApplicationController#hello_world as */*
[active_model_serializers] Rendered ActiveModel::Serializer::Null with Hash (0.05ms)
Completed 200 OK in 6ms (Views: 0.9ms | ActiveRecord: 0.0ms | Allocations: 13416)


Started GET "/hello" for 127.0.0.1 at 2022-11-11 11:39:36 -0500
Processing by ApplicationController#hello_world as */*
[active_model_serializers] Rendered ActiveModel::Serializer::Null with Hash (0.22ms)
Completed 200 OK in 5ms (Views: 1.3ms | ActiveRecord: 0.0ms | Allocations: 313)


Started GET "/hello" for 127.0.0.1 at 2022-11-11 11:39:36 -0500
Processing by ApplicationController#hello_world as */*
[active_model_serializers] Rendered ActiveModel::Serializer::Null with Hash (0.09ms)
Completed 200 OK in 2ms (Views: 0.8ms | ActiveRecord: 0.0ms | Allocations: 310)


  [1m[35m (3.4ms)[0m  [1m[35mCREATE DATABASE "tamagotchi_development" ENCODING = 'unicode'[0m
  [1m[35m (0.2ms)[0m  [1m[35mCREATE DATABASE "tamagotchi_test" ENCODING = 'unicode'[0m
